Detecting C [-std=c11] compiler features failed to compile with the following output:
Change Dir: /home/nativ/Technion/matam/hw1/q1_home/q1/build/CMakeFiles/CMakeTmp

Run Build Command:"/usr/bin/make" "cmTC_912d3/fast"
/usr/bin/make -f CMakeFiles/cmTC_912d3.dir/build.make CMakeFiles/cmTC_912d3.dir/build
make[1]: Entering directory '/home/nativ/Technion/matam/hw1/q1_home/q1/build/CMakeFiles/CMakeTmp'
Building C object CMakeFiles/cmTC_912d3.dir/feature_tests.c.o
/usr/bin/c99-gcc   -std=c11 -o CMakeFiles/cmTC_912d3.dir/feature_tests.c.o   -c /home/nativ/Technion/matam/hw1/q1_home/q1/build/CMakeFiles/feature_tests.c
c99-gcc called with non ISO C99 option -std=c11
CMakeFiles/cmTC_912d3.dir/build.make:65: recipe for target 'CMakeFiles/cmTC_912d3.dir/feature_tests.c.o' failed
make[1]: *** [CMakeFiles/cmTC_912d3.dir/feature_tests.c.o] Error 1
make[1]: Leaving directory '/home/nativ/Technion/matam/hw1/q1_home/q1/build/CMakeFiles/CMakeTmp'
Makefile:126: recipe for target 'cmTC_912d3/fast' failed
make: *** [cmTC_912d3/fast] Error 2



